2025-09-30 21:59:58 [info] Running migrations: 1 files
2025-09-30 21:59:58 [info] App ready
2025-09-30 21:59:58 [info] Creating BrowserWindow
2025-09-30 21:59:58 [info] Loading URL: file://C:\Users\Aaron\appmaxxing\Instagram-Analytics-Dashboard\public\index.html
2025-09-30 21:59:58 [info] did-finish-load fired
2025-09-30 21:59:58 [info] ready-to-show, showing window
2025-09-30 22:00:49 [info] Running migrations: 1 files
2025-09-30 22:00:49 [info] App ready
2025-09-30 22:00:49 [info] Creating BrowserWindow
2025-09-30 22:00:49 [info] Loading URL: file://C:\Users\Aaron\appmaxxing\Instagram-Analytics-Dashboard\public\index.html
2025-09-30 22:00:49 [info] did-finish-load fired
2025-09-30 22:00:49 [info] ready-to-show, showing window
2025-09-30 22:05:37 [info] Running migrations: 1 files
2025-09-30 22:05:37 [info] App ready
2025-09-30 22:05:37 [info] Creating BrowserWindow
2025-09-30 22:05:37 [info] Loading URL: file://C:\Users\Aaron\appmaxxing\Instagram-Analytics-Dashboard\dist\index.html
2025-09-30 22:05:37 [info] did-finish-load fired
2025-09-30 22:05:37 [info] ready-to-show, showing window
2025-09-30 22:05:38 [info] Running migrations: 1 files
2025-09-30 22:05:54 [info] All windows closed
2025-09-30 22:06:12 [info] Running migrations: 1 files
2025-09-30 22:06:12 [info] App ready
2025-09-30 22:06:12 [info] Creating BrowserWindow
2025-09-30 22:06:12 [info] Loading URL: file://C:\Users\Aaron\appmaxxing\Instagram-Analytics-Dashboard\dist\index.html
2025-09-30 22:06:12 [info] did-finish-load fired
2025-09-30 22:06:12 [info] ready-to-show, showing window
2025-09-30 22:06:12 [info] Running migrations: 1 files
2025-09-30 22:06:22 [info] All windows closed
2025-09-30 22:07:14 [info] Running migrations: 1 files
2025-09-30 22:07:14 [info] App ready
2025-09-30 22:07:14 [info] Creating BrowserWindow
2025-09-30 22:07:14 [info] Loading URL: file://C:\Users\Aaron\appmaxxing\Instagram-Analytics-Dashboard\dist\index.html
2025-09-30 22:07:14 [info] did-finish-load fired
2025-09-30 22:07:14 [info] ready-to-show, showing window
2025-09-30 22:07:14 [info] Running migrations: 1 files
2025-09-30 22:07:20 [info] All windows closed
2025-09-30 22:08:12 [info] Running migrations: 1 files
2025-09-30 22:08:12 [info] App ready
2025-09-30 22:08:12 [info] Creating BrowserWindow
2025-09-30 22:08:12 [info] Loading URL: file://C:\Users\Aaron\appmaxxing\Instagram-Analytics-Dashboard\dist\index.html
2025-09-30 22:08:12 [info] did-finish-load fired
2025-09-30 22:08:12 [info] ready-to-show, showing window
2025-09-30 22:08:12 [info] Running migrations: 1 files
2025-09-30 22:22:05 [info] All windows closed
2025-09-30 22:22:07 [info] Running migrations: 1 files
2025-09-30 22:22:07 [info] App ready
2025-09-30 22:22:07 [info] Creating BrowserWindow
2025-09-30 22:22:07 [info] Loading URL: file://C:\Users\Aaron\appmaxxing\Instagram-Analytics-Dashboard\dist\index.html
2025-09-30 22:22:08 [info] did-finish-load fired
2025-09-30 22:22:08 [info] ready-to-show, showing window
2025-09-30 22:22:08 [info] Running migrations: 1 files
